[debug] [2026-03-15T09:11:01.541Z] ----------------------------------------------------------------------
[debug] [2026-03-15T09:11:01.542Z] Command:       /nix/store/ws50yvm6vzlzf7jzz6n7xh4szddrack1-nodejs-20.19.1/bin/node /nix/store/gm9mcvzb17vv8cla08khrg29vxn3sq4r-firebase-tools-15.1.0/lib/node_modules/firebase-tools/lib/bin/firebase.js init hosting
[debug] [2026-03-15T09:11:01.543Z] CLI Version:   15.1.0
[debug] [2026-03-15T09:11:01.543Z] Platform:      linux
[debug] [2026-03-15T09:11:01.543Z] Node Version:  v20.19.1
[debug] [2026-03-15T09:11:01.543Z] Time:          Sun Mar 15 2026 09:11:01 GMT+0000 (Coordinated Universal Time)
[debug] [2026-03-15T09:11:01.543Z] ----------------------------------------------------------------------
[debug] 
[debug] [2026-03-15T09:11:03.052Z] No OAuth tokens found
[debug] [2026-03-15T09:11:03.053Z] No OAuth tokens found
[error] Failed to fetch Firebase Project from current Studio Workspace: Unable to refresh auth: not yet authenticated.
[info] 
     ######## #### ########  ######## ########     ###     ######  ########
     ##        ##  ##     ## ##       ##     ##  ##   ##  ##       ##
     ######    ##  ########  ######   ########  #########  ######  ######
     ##        ##  ##    ##  ##       ##     ## ##     ##       ## ##
     ##       #### ##     ## ######## ########  ##     ##  ######  ########

You're about to initialize a Firebase project in this directory:

  /home/user/OrianAGI

Before we get started, keep in mind:

  * You are initializing within an existing Firebase project directory

[info] 
=== Project Setup
[info] 
[info] First, let's associate this project directory with a Firebase project.
[info] You can create multiple project aliases by running firebase use --add, 
[info] 
[debug] [2026-03-15T09:11:58.417Z] > command requires scopes: ["email","openid","https://www.googleapis.com/auth/cloudplatformprojects.readonly","https://www.googleapis.com/auth/firebase","https://www.googleapis.com/auth/cloud-platform","https://www.googleapis.com/auth/userinfo.email"]
[debug] [2026-03-15T09:12:13.935Z] Running auto auth
[debug] [2026-03-15T09:12:13.952Z] No OAuth tokens found
[debug] [2026-03-15T09:12:13.954Z] >>> [apiv2][query] GET https://firebase.googleapis.com/v1beta1/projects pageSize=100
[debug] [2026-03-15T09:12:14.335Z] <<< [apiv2][status] GET https://firebase.googleapis.com/v1beta1/projects 200
[debug] [2026-03-15T09:12:14.335Z] <<< [apiv2][body] GET https://firebase.googleapis.com/v1beta1/projects [omitted]
[info] 
=== Hosting Setup
[debug] [2026-03-15T09:13:15.961Z] No OAuth tokens found
[debug] [2026-03-15T09:13:15.962Z] >>> [apiv2][query] GET https://firebase.googleapis.com/v1beta1/projects/constant-autumn-463209-j4 [none]
[debug] [2026-03-15T09:13:16.198Z] <<< [apiv2][status] GET https://firebase.googleapis.com/v1beta1/projects/constant-autumn-463209-j4 200
[debug] [2026-03-15T09:13:16.198Z] <<< [apiv2][body] GET https://firebase.googleapis.com/v1beta1/projects/constant-autumn-463209-j4 {"projectId":"constant-autumn-463209-j4","projectNumber":"351301896299","displayName":"My First Project","name":"projects/constant-autumn-463209-j4","resources":{"hostingSite":"constant-autumn-463209-j4"},"state":"ACTIVE","etag":"1_ceb0e0e7-2fc2-451c-963a-9a72cb6fdb94"}
[info] 
[info] i  Detected a .git folder at /home/user/OrianAGI 
[info] i  Authorizing with GitHub to upload your service account to a GitHub repository's secrets store. 
[info] 
[info] Visit this URL on this device to log in:
[info] https://github.com/login/oauth/authorize?client_id=89cf50f02ac6aaed3484&state=963646420&redirect_uri=http%3A%2F%2Flocalhost%3A9005&scope=read%3Auser%20repo%20public_repo
[info] 
[info] Waiting for authentication...
